<?xml version="1.0" encoding="UTF-8"?>
<!-- Generated by org.testng.reporters.JUnitReportReporter -->
<testsuite hostname="HP" failures="0" tests="1" name="tests.ThirdTest" time="8.335" errors="0" timestamp="2023-08-28T12:35:03 BST" skipped="0">
  <testcase classname="tests.ThirdTest" name="testThree" time="8.335"/>
  <system-out/>
</testsuite> <!-- tests.ThirdTest -->
