<?xml version="1.0" encoding="UTF-8"?>
<!-- Generated by org.testng.reporters.JUnitReportReporter -->
<testsuite hostname="HP" failures="0" tests="1" name="tests.SecTest" time="10.857" errors="0" timestamp="2023-08-28T12:35:03 BST" skipped="0">
  <testcase classname="tests.SecTest" name="testTwo" time="10.857"/>
  <system-out/>
</testsuite> <!-- tests.SecTest -->
