<?xml version="1.0" encoding="UTF-8"?>
<!-- Generated by org.testng.reporters.JUnitReportReporter -->
<testsuite hostname="HP" failures="0" tests="1" name="runner.Runner" time="21.991" errors="0" timestamp="2023-08-28T17:05:39 BST" skipped="0">
  <testcase classname="runner.Runner" name="runScenario" time="21.991"/>
  <system-out/>
</testsuite> <!-- runner.Runner -->
