<?xml version="1.0" encoding="UTF-8"?>
<!-- Generated by org.testng.reporters.JUnitReportReporter -->
<testsuite hostname="HP" failures="0" tests="1" name="runner.Runner" time="36.405" errors="0" timestamp="2023-08-29T10:35:18 BST" skipped="0">
  <testcase classname="runner.Runner" name="runScenario" time="36.405"/>
  <system-out/>
</testsuite> <!-- runner.Runner -->
